  Building 'VT' with toolset 'WindowsKernelModeDriver10.0' and the 'Desktop' target platform.
  Assembling vmxs.asm...
  DriverMain.c
DriverMain.c(35): warning C4047: “函数”:“ULONG64”与“PVOID”的间接级别不同
DriverMain.c(35): warning C4024: “VmxInit”: 形参和实参 1 的类型不同
DriverMain.c(12): warning C4100: “Dpc”: 未引用的形参
DriverMain.c(43): warning C4100: “DeferredContext”: 未引用的形参
DriverMain.c(43): warning C4100: “Dpc”: 未引用的形参
DriverMain.c(52): warning C4100: “pDriver”: 未引用的形参
DriverMain.c(60): warning C4152: 非标准扩展，表达式中的函数/数据指针转换
DriverMain.c(57): warning C4100: “pReg”: 未引用的形参
  vmx.c
vmx.c(67): warning C4057: “函数”:“unsigned __int64 *”与“LONGLONG *”在稍微不同的基类型间接寻址上不同
vmx.c(156): warning C4245: “函数”: 从“int”转换到“std::size_t”，有符号/无符号不匹配
vmx.c(351): warning C4047: “=”:“PVOID”与“ULONG64”的间接级别不同
vmx.c(359): warning C4057: “函数”:“unsigned __int64 *”与“LONGLONG *”在稍微不同的基类型间接寻址上不同
vmx.c(361): warning C4057: “函数”:“unsigned __int64 *”与“LONGLONG *”在稍微不同的基类型间接寻址上不同
vmx.c(421): warning C4047: “初始化”:“ULONG64”与“PULONG64”的间接级别不同
  vmxHandler.c
vmxHandler.c(20): warning C4242: “函数”: 从“ULONG64”转换到“int”，可能丢失数据
vmxHandler.c(30): warning C4242: “函数”: 从“ULONG64”转换到“unsigned long”，可能丢失数据
vmxHandler.c(39): warning C4242: “函数”: 从“ULONG64”转换到“unsigned long”，可能丢失数据
vmxHandler.c(108): warning C4047: “函数”:“std::size_t”与“ULONG64 *”的间接级别不同
vmxHandler.c(108): warning C4024: “__vmx_vmwrite”: 形参和实参 2 的类型不同
vmxHandler.c(127): warning C4242: “函数”: 从“ULONG64”转换到“unsigned int”，可能丢失数据
  VMXTools.c
VMXTools.c(36): warning C4242: “函数”: 从“ULONG64”转换到“unsigned long”，可能丢失数据
  正在生成代码...
  VT.vcxproj -> E:\driver_project\zj\zj5\zx\VT\x64\Debug\VT.sys
  VT.vcxproj -> E:\driver_project\zj\zj5\zx\VT\x64\Debug\VT.pdb (Full PDB)
  Done Adding Additional Store
  Successfully signed: E:\driver_project\zj\zj5\zx\VT\x64\Debug\VT.sys
  
  Inf2Cat task was skipped as there were no inf files to process
  
